-------------------------------------------------------------------------------
Test set: UserUnitTest.LoginParameterUnitTest
-------------------------------------------------------------------------------
Tests run: 4, Failures: 1, Errors: 0, Skipped: 0, Time elapsed: 0.306 s <<< FAILURE! - in UserUnitTest.LoginParameterUnitTest
UserUnitTest.LoginParameterUnitTest.TestUserLogins(String)[4]  Time elapsed: 0.003 s  <<< FAILURE!
org.opentest4j.AssertionFailedError: expected: not <null>
	at UserUnitTest.LoginParameterUnitTest.TestUserLogins(LoginParameterUnitTest.java:25)

